Analysis & Synthesis report for FFJK
Wed Oct 23 01:38:34 2024
Quartus Prime Version 23.1std.1 Build 993 05/14/2024 SC Lite Edition


---------------------
; Table of Contents ;
---------------------
  1. Legal Notice
  2. Analysis & Synthesis Summary
  3. Analysis & Synthesis Settings
  4. Parallel Compilation
  5. Analysis & Synthesis Source Files Read
  6. Analysis & Synthesis Messages



----------------
; Legal Notice ;
----------------
Copyright (C) 2024  Intel Corporation. All rights reserved.
Your use of Intel Corporation's design tools, logic functions 
and other software and tools, and any partner logic 
functions, and any output files from any of the foregoing 
(including device programming or simulation files), and any 
associated documentation or information are expressly subject 
to the terms and conditions of the Intel Program License 
Subscription Agreement, the Intel Quartus Prime License Agreement,
the Intel FPGA IP License Agreement, or other applicable license
agreement, including, without limitation, that your use is for
the sole purpose of programming logic devices manufactured by
Intel and sold by Intel or its authorized distributors.  Please
refer to the applicable agreement for further details, at
https://fpgasoftware.intel.com/eula.



+------------------------------------------------------------------------------+
; Analysis & Synthesis Summary                                                 ;
+-----------------------------+------------------------------------------------+
; Analysis & Synthesis Status ; Failed - Wed Oct 23 01:38:34 2024              ;
; Quartus Prime Version       ; 23.1std.1 Build 993 05/14/2024 SC Lite Edition ;
; Revision Name               ; FFJK                                           ;
; Top-level Entity Name       ; clockdivisor                                   ;
; Family                      ; MAX II                                         ;
+-----------------------------+------------------------------------------------+


+------------------------------------------------------------------------------------------------------------+
; Analysis & Synthesis Settings                                                                              ;
+------------------------------------------------------------------+--------------------+--------------------+
; Option                                                           ; Setting            ; Default Value      ;
+------------------------------------------------------------------+--------------------+--------------------+
; Device                                                           ; EPM240T100C5       ;                    ;
; Top-level entity name                                            ; clockdivisor       ; FFJK               ;
; Family name                                                      ; MAX II             ; Cyclone V          ;
; Use smart compilation                                            ; Off                ; Off                ;
; Enable parallel Assembler and Timing Analyzer during compilation ; On                 ; On                 ;
; Enable compact report table                                      ; Off                ; Off                ;
; Restructure Multiplexers                                         ; Auto               ; Auto               ;
; Create Debugging Nodes for IP Cores                              ; Off                ; Off                ;
; Preserve fewer node names                                        ; On                 ; On                 ;
; Intel FPGA IP Evaluation Mode                                    ; Enable             ; Enable             ;
; Verilog Version                                                  ; Verilog_2001       ; Verilog_2001       ;
; VHDL Version                                                     ; VHDL_1993          ; VHDL_1993          ;
; State Machine Processing                                         ; Auto               ; Auto               ;
; Safe State Machine                                               ; Off                ; Off                ;
; Extract Verilog State Machines                                   ; On                 ; On                 ;
; Extract VHDL State Machines                                      ; On                 ; On                 ;
; Ignore Verilog initial constructs                                ; Off                ; Off                ;
; Iteration limit for constant Verilog loops                       ; 5000               ; 5000               ;
; Iteration limit for non-constant Verilog loops                   ; 250                ; 250                ;
; Add Pass-Through Logic to Inferred RAMs                          ; On                 ; On                 ;
; Infer RAMs from Raw Logic                                        ; On                 ; On                 ;
; Parallel Synthesis                                               ; On                 ; On                 ;
; NOT Gate Push-Back                                               ; On                 ; On                 ;
; Power-Up Don't Care                                              ; On                 ; On                 ;
; Remove Redundant Logic Cells                                     ; Off                ; Off                ;
; Remove Duplicate Registers                                       ; On                 ; On                 ;
; Ignore CARRY Buffers                                             ; Off                ; Off                ;
; Ignore CASCADE Buffers                                           ; Off                ; Off                ;
; Ignore GLOBAL Buffers                                            ; Off                ; Off                ;
; Ignore ROW GLOBAL Buffers                                        ; Off                ; Off                ;
; Ignore LCELL Buffers                                             ; Off                ; Off                ;
; Ignore SOFT Buffers                                              ; On                 ; On                 ;
; Limit AHDL Integers to 32 Bits                                   ; Off                ; Off                ;
; Optimization Technique                                           ; Balanced           ; Balanced           ;
; Carry Chain Length                                               ; 70                 ; 70                 ;
; Auto Carry Chains                                                ; On                 ; On                 ;
; Auto Open-Drain Pins                                             ; On                 ; On                 ;
; Perform WYSIWYG Primitive Resynthesis                            ; Off                ; Off                ;
; Auto Shift Register Replacement                                  ; Auto               ; Auto               ;
; Allow Shift Register Merging across Hierarchies                  ; Auto               ; Auto               ;
; Auto Clock Enable Replacement                                    ; On                 ; On                 ;
; Allow Synchronous Control Signals                                ; On                 ; On                 ;
; Force Use of Synchronous Clear Signals                           ; Off                ; Off                ;
; Auto Resource Sharing                                            ; Off                ; Off                ;
; Use LogicLock Constraints during Resource Balancing              ; On                 ; On                 ;
; Ignore translate_off and synthesis_off directives                ; Off                ; Off                ;
; Report Parameter Settings                                        ; On                 ; On                 ;
; Report Source Assignments                                        ; On                 ; On                 ;
; Report Connectivity Checks                                       ; On                 ; On                 ;
; Ignore Maximum Fan-Out Assignments                               ; Off                ; Off                ;
; Synchronization Register Chain Length                            ; 2                  ; 2                  ;
; Power Optimization During Synthesis                              ; Normal compilation ; Normal compilation ;
; HDL message level                                                ; Level2             ; Level2             ;
; Suppress Register Optimization Related Messages                  ; Off                ; Off                ;
; Number of Removed Registers Reported in Synthesis Report         ; 5000               ; 5000               ;
; Number of Swept Nodes Reported in Synthesis Report               ; 5000               ; 5000               ;
; Number of Inverted Registers Reported in Synthesis Report        ; 100                ; 100                ;
; Clock MUX Protection                                             ; On                 ; On                 ;
; Block Design Naming                                              ; Auto               ; Auto               ;
; Synthesis Effort                                                 ; Auto               ; Auto               ;
; Shift Register Replacement - Allow Asynchronous Clear Signal     ; On                 ; On                 ;
; Analysis & Synthesis Message Level                               ; Medium             ; Medium             ;
; Disable Register Merging Across Hierarchies                      ; Auto               ; Auto               ;
+------------------------------------------------------------------+--------------------+--------------------+


+------------------------------------------+
; Parallel Compilation                     ;
+----------------------------+-------------+
; Processors                 ; Number      ;
+----------------------------+-------------+
; Number detected on machine ; 12          ;
; Maximum allowed            ; 6           ;
;                            ;             ;
; Average used               ; 1.00        ;
; Maximum used               ; 1           ;
;                            ;             ;
; Usage by Processor         ; % Time Used ;
;     Processor 1            ; 100.0%      ;
+----------------------------+-------------+


+--------------------------------------------------------------------------------------------------------------------------------------------------------------------------------------------------------------------------------+
; Analysis & Synthesis Source Files Read                                                                                                                                                                                         ;
+----------------------------------+-----------------+------------------------+----------------------------------------------------------------------------------------------------------------------------------------+---------+
; File Name with User-Entered Path ; Used in Netlist ; File Type              ; File Name with Absolute Path                                                                                                           ; Library ;
+----------------------------------+-----------------+------------------------+----------------------------------------------------------------------------------------------------------------------------------------+---------+
; clockdivisor.v                   ; yes             ; User Verilog HDL File  ; C:/Users/Fredi/OneDrive/Documentos/MI - Projeto de Circuitos Digitais/PBL_2/PBL---Cachorro-de-Brinquedo/Projeto-Quartus/clockdivisor.v ;         ;
+----------------------------------+-----------------+------------------------+----------------------------------------------------------------------------------------------------------------------------------------+---------+


+-------------------------------+
; Analysis & Synthesis Messages ;
+-------------------------------+
Info: *******************************************************************
Info: Running Quartus Prime Analysis & Synthesis
    Info: Version 23.1std.1 Build 993 05/14/2024 SC Lite Edition
    Info: Processing started: Wed Oct 23 01:38:28 2024
Info: Command: quartus_map --read_settings_files=on --write_settings_files=off FFJK -c FFJK
Warning (18236): Number of processors has not been specified which may cause overloading on shared machines.  Set the global assignment NUM_PARALLEL_PROCESSORS in your QSF to an appropriate value for best performance.
Info (20030): Parallel compilation is enabled and will use 6 of the 6 processors detected
Info (12021): Found 1 design units, including 1 entities, in source file clockdivisor.v
    Info (12023): Found entity 1: clockdivisor File: C:/Users/Fredi/OneDrive/Documentos/MI - Projeto de Circuitos Digitais/PBL_2/PBL---Cachorro-de-Brinquedo/Projeto-Quartus/clockdivisor.v Line: 1
Info (12021): Found 1 design units, including 1 entities, in source file dis7segdec.v
    Info (12023): Found entity 1: dis7segdec File: C:/Users/Fredi/OneDrive/Documentos/MI - Projeto de Circuitos Digitais/PBL_2/PBL---Cachorro-de-Brinquedo/Projeto-Quartus/dis7segdec.v Line: 1
Info (12021): Found 1 design units, including 1 entities, in source file dis7segdecspd.v
    Info (12023): Found entity 1: dis7segdecspd File: C:/Users/Fredi/OneDrive/Documentos/MI - Projeto de Circuitos Digitais/PBL_2/PBL---Cachorro-de-Brinquedo/Projeto-Quartus/dis7segdecspd.v Line: 1
Info (12021): Found 1 design units, including 1 entities, in source file display.v
    Info (12023): Found entity 1: display File: C:/Users/Fredi/OneDrive/Documentos/MI - Projeto de Circuitos Digitais/PBL_2/PBL---Cachorro-de-Brinquedo/Projeto-Quartus/display.v Line: 1
Info (12021): Found 1 design units, including 1 entities, in source file mux_4x1.v
    Info (12023): Found entity 1: mux_4x1 File: C:/Users/Fredi/OneDrive/Documentos/MI - Projeto de Circuitos Digitais/PBL_2/PBL---Cachorro-de-Brinquedo/Projeto-Quartus/mux_4x1.v Line: 8
Info (12021): Found 1 design units, including 1 entities, in source file mux_4x1_spd.v
    Info (12023): Found entity 1: mux_4x1_spd File: C:/Users/Fredi/OneDrive/Documentos/MI - Projeto de Circuitos Digitais/PBL_2/PBL---Cachorro-de-Brinquedo/Projeto-Quartus/mux_4x1_spd.v Line: 8
Warning (12018): Entity "tff" will be ignored because it conflicts with Quartus Prime primitive name File: C:/Users/Fredi/OneDrive/Documentos/MI - Projeto de Circuitos Digitais/PBL_2/PBL---Cachorro-de-Brinquedo/Projeto-Quartus/tff.v Line: 1
Info (12021): Found 1 design units, including 1 entities, in source file tff.v
Info (12127): Elaborating entity "clockdivisor" for the top level hierarchy
Error (12004): Port "j" does not exist in primitive "tff" of instance "tff1" File: C:/Users/Fredi/OneDrive/Documentos/MI - Projeto de Circuitos Digitais/PBL_2/PBL---Cachorro-de-Brinquedo/Projeto-Quartus/clockdivisor.v Line: 14
Error (12004): Port "k" does not exist in primitive "tff" of instance "tff1" File: C:/Users/Fredi/OneDrive/Documentos/MI - Projeto de Circuitos Digitais/PBL_2/PBL---Cachorro-de-Brinquedo/Projeto-Quartus/clockdivisor.v Line: 14
Error (12153): Can't elaborate top-level user hierarchy
Error: Quartus Prime Analysis & Synthesis was unsuccessful. 3 errors, 2 warnings
    Error: Peak virtual memory: 4699 megabytes
    Error: Processing ended: Wed Oct 23 01:38:34 2024
    Error: Elapsed time: 00:00:06
    Error: Total CPU time (on all processors): 00:00:08


